0 info it worked if it ends with ok
1 verbose cli [ '/home/greg/.nvm/versions/node/v6.2.0/bin/node',
1 verbose cli   '/home/greg/.nvm/versions/node/v6.2.0/bin/npm',
1 verbose cli   'install',
1 verbose cli   'ui-router@0.2.15',
1 verbose cli   '--save' ]
2 info using npm@3.8.9
3 info using node@v6.2.0
4 silly loadCurrentTree Starting
5 silly install loadCurrentTree
6 silly install readLocalPackageData
7 silly fetchPackageMetaData ui-router@0.2.15
8 silly fetchNamedPackageData ui-router
9 silly mapToRegistry name ui-router
10 silly mapToRegistry using default registry
11 silly mapToRegistry registry https://registry.npmjs.org/
12 silly mapToRegistry data Result {
12 silly mapToRegistry   raw: 'ui-router',
12 silly mapToRegistry   scope: null,
12 silly mapToRegistry   name: 'ui-router',
12 silly mapToRegistry   rawSpec: '',
12 silly mapToRegistry   spec: 'latest',
12 silly mapToRegistry   type: 'tag' }
13 silly mapToRegistry uri https://registry.npmjs.org/ui-router
14 verbose request uri https://registry.npmjs.org/ui-router
15 verbose request no auth needed
16 info attempt registry request try #1 at 6:59:56 PM
17 verbose request id 5b1a5f7f46347071
18 http request GET https://registry.npmjs.org/ui-router
19 http 200 https://registry.npmjs.org/ui-router
20 verbose headers { server: 'nginx/1.10.1',
20 verbose headers   'content-type': 'application/json',
20 verbose headers   'last-modified': 'Mon, 17 Oct 2016 21:21:56 GMT',
20 verbose headers   etag: 'W/"580540f4-3d2a"',
20 verbose headers   'content-encoding': 'gzip',
20 verbose headers   'cache-control': 'max-age=300',
20 verbose headers   'content-length': '4728',
20 verbose headers   'accept-ranges': 'bytes',
20 verbose headers   date: 'Sat, 26 Nov 2016 00:00:03 GMT',
20 verbose headers   via: '1.1 varnish',
20 verbose headers   age: '0',
20 verbose headers   connection: 'keep-alive',
20 verbose headers   'x-served-by': 'cache-iad2648-IAD',
20 verbose headers   'x-cache': 'HIT',
20 verbose headers   'x-cache-hits': '1',
20 verbose headers   'x-timer': 'S1480118403.938921,VS0,VE1',
20 verbose headers   vary: 'Accept-Encoding' }
21 silly get cb [ 200,
21 silly get   { server: 'nginx/1.10.1',
21 silly get     'content-type': 'application/json',
21 silly get     'last-modified': 'Mon, 17 Oct 2016 21:21:56 GMT',
21 silly get     etag: 'W/"580540f4-3d2a"',
21 silly get     'content-encoding': 'gzip',
21 silly get     'cache-control': 'max-age=300',
21 silly get     'content-length': '4728',
21 silly get     'accept-ranges': 'bytes',
21 silly get     date: 'Sat, 26 Nov 2016 00:00:03 GMT',
21 silly get     via: '1.1 varnish',
21 silly get     age: '0',
21 silly get     connection: 'keep-alive',
21 silly get     'x-served-by': 'cache-iad2648-IAD',
21 silly get     'x-cache': 'HIT',
21 silly get     'x-cache-hits': '1',
21 silly get     'x-timer': 'S1480118403.938921,VS0,VE1',
21 silly get     vary: 'Accept-Encoding' } ]
22 verbose get saving ui-router to /home/greg/.npm/registry.npmjs.org/ui-router/.cache.json
23 verbose correctMkdir /home/greg/.npm correctMkdir not in flight; initializing
24 silly fetchPackageMetaData Error: No compatible version found: ui-router@0.2.15
24 silly fetchPackageMetaData Valid install targets:
24 silly fetchPackageMetaData 1.0.0-alpha0, 1.0.0-alpha.3
24 silly fetchPackageMetaData
24 silly fetchPackageMetaData     at pickVersionFromRegistryDocument (/home/greg/.nvm/versions/node/v6.2.0/lib/node_modules/npm/lib/fetch-package-metadata.js:157:16)
24 silly fetchPackageMetaData     at /home/greg/.nvm/versions/node/v6.2.0/lib/node_modules/npm/node_modules/iferr/index.js:13:50
24 silly fetchPackageMetaData     at /home/greg/.nvm/versions/node/v6.2.0/lib/node_modules/npm/lib/utils/pulse-till-done.js:19:8
24 silly fetchPackageMetaData     at saved (/home/greg/.nvm/versions/node/v6.2.0/lib/node_modules/npm/lib/cache/caching-client.js:168:7)
24 silly fetchPackageMetaData     at /home/greg/.nvm/versions/node/v6.2.0/lib/node_modules/npm/node_modules/graceful-fs/polyfills.js:210:7
24 silly fetchPackageMetaData     at FSReqWrap.oncomplete (fs.js:117:15)
24 silly fetchPackageMetaData  error for ui-router@0.2.15 Error: No compatible version found: ui-router@0.2.15
24 silly fetchPackageMetaData Valid install targets:
24 silly fetchPackageMetaData 1.0.0-alpha0, 1.0.0-alpha.3
24 silly fetchPackageMetaData
24 silly fetchPackageMetaData     at pickVersionFromRegistryDocument (/home/greg/.nvm/versions/node/v6.2.0/lib/node_modules/npm/lib/fetch-package-metadata.js:157:16)
24 silly fetchPackageMetaData     at /home/greg/.nvm/versions/node/v6.2.0/lib/node_modules/npm/node_modules/iferr/index.js:13:50
24 silly fetchPackageMetaData     at /home/greg/.nvm/versions/node/v6.2.0/lib/node_modules/npm/lib/utils/pulse-till-done.js:19:8
24 silly fetchPackageMetaData     at saved (/home/greg/.nvm/versions/node/v6.2.0/lib/node_modules/npm/lib/cache/caching-client.js:168:7)
24 silly fetchPackageMetaData     at /home/greg/.nvm/versions/node/v6.2.0/lib/node_modules/npm/node_modules/graceful-fs/polyfills.js:210:7
24 silly fetchPackageMetaData     at FSReqWrap.oncomplete (fs.js:117:15)
25 silly rollbackFailedOptional Starting
26 silly rollbackFailedOptional Finishing
27 silly runTopLevelLifecycles Starting
28 silly runTopLevelLifecycles Finishing
29 silly install printInstalled
30 verbose stack Error: No compatible version found: ui-router@0.2.15
30 verbose stack Valid install targets:
30 verbose stack 1.0.0-alpha0, 1.0.0-alpha.3
30 verbose stack
30 verbose stack     at pickVersionFromRegistryDocument (/home/greg/.nvm/versions/node/v6.2.0/lib/node_modules/npm/lib/fetch-package-metadata.js:157:16)
30 verbose stack     at /home/greg/.nvm/versions/node/v6.2.0/lib/node_modules/npm/node_modules/iferr/index.js:13:50
30 verbose stack     at /home/greg/.nvm/versions/node/v6.2.0/lib/node_modules/npm/lib/utils/pulse-till-done.js:19:8
30 verbose stack     at saved (/home/greg/.nvm/versions/node/v6.2.0/lib/node_modules/npm/lib/cache/caching-client.js:168:7)
30 verbose stack     at /home/greg/.nvm/versions/node/v6.2.0/lib/node_modules/npm/node_modules/graceful-fs/polyfills.js:210:7
30 verbose stack     at FSReqWrap.oncomplete (fs.js:117:15)
31 verbose cwd /home/greg/js/movie/mymovie
32 error Linux 3.13.0-24-generic
33 error argv "/home/greg/.nvm/versions/node/v6.2.0/bin/node" "/home/greg/.nvm/versions/node/v6.2.0/bin/npm" "install" "ui-router@0.2.15" "--save"
34 error node v6.2.0
35 error npm  v3.8.9
36 error No compatible version found: ui-router@0.2.15
36 error Valid install targets:
36 error 1.0.0-alpha0, 1.0.0-alpha.3
37 error If you need help, you may report this error at:
37 error     <https://github.com/npm/npm/issues>
38 verbose exit [ 1, true ]
